INFO     cathy:base_page.py:158 元素--('xpath', "//span[text()='+ 创建/加入课程']")--元素点击成功,
INFO     cathy:base_page.py:158 元素--('xpath', "//a[text()='加入课程']")--元素点击成功,
INFO     cathy:base_page.py:175 输入文本内容--('xpath', "//div[@class='chuangjiankccon']//input[@type='text']")--成功,
INFO     cathy:base_page.py:79 元素--('xpath', "//li[@class='cjli2']")--等待成功,等待时间是0.018311738967895508秒
INFO     cathy:base_page.py:122 元素--('xpath', "//div[@class='gTips']")--获取文本成功
ERROR    cathy:test_02add_course.py:45 用例--验证码多于6位--执行失败
ERROR    cathy:test_02add_course.py:46 assert '该加课码不存在或者已经失效' == '加课验证码必须是6位字符'
  - 加课验证码必须是6位字符
  + 该加课码不存在或者已经失效
Traceback (most recent call last):
  File "/Users/zhangcaiyan/Desktop/ketangpai/testcase/test_02add_course.py", line 43, in test_add_course_fail
    assert res == expected
AssertionError: assert '该加课码不存在或者已经失效' == '加课验证码必须是6位字符'
  - 加课验证码必须是6位字符
  + 该加课码不存在或者已经失效
ERROR    cathy:base_page.py:149 元素--('xpath', "//span[text()='+ 创建/加入课程']")--点击元素失败
ERROR    cathy:base_page.py:150 Message: unknown error: Element <span>...</span> is not clickable at point (1384, 123). Other element would receive the click: <div class="bg" style="display: block;"></div>
  (Session info: chrome=86.0.4240.183)
  (Driver info: chromedriver=71.0.3578.137 (86ee722808adfe9e3c92e6e8ea746ade08423c7e),platform=Mac OS X 10.14.6 x86_64)
Traceback (most recent call last):
  File "/Users/zhangcaiyan/Desktop/ketangpai/common/base_page.py", line 146, in click_element
    self.driver.find_element(*locator).click()
  File "/Library/Frameworks/Python.framework/Versions/3.7/lib/python3.7/site-packages/selenium/webdriver/remote/webelement.py", line 80, in click
    self._execute(Command.CLICK_ELEMENT)
  File "/Library/Frameworks/Python.framework/Versions/3.7/lib/python3.7/site-packages/selenium/webdriver/remote/webelement.py", line 633, in _execute
    return self._parent.execute(command, params)
  File "/Library/Frameworks/Python.framework/Versions/3.7/lib/python3.7/site-packages/selenium/webdriver/remote/webdriver.py", line 321, in execute
    self.error_handler.check_response(response)
  File "/Library/Frameworks/Python.framework/Versions/3.7/lib/python3.7/site-packages/selenium/webdriver/remote/errorhandler.py", line 242, in check_response
    raise exception_class(message, screen, stacktrace)
selenium.common.exceptions.WebDriverException: Message: unknown error: Element <span>...</span> is not clickable at point (1384, 123). Other element would receive the click: <div class="bg" style="display: block;"></div>
  (Session info: chrome=86.0.4240.183)
  (Driver info: chromedriver=71.0.3578.137 (86ee722808adfe9e3c92e6e8ea746ade08423c7e),platform=Mac OS X 10.14.6 x86_64)
ERROR    cathy:base_page.py:149 元素--('xpath', "//span[text()='+ 创建/加入课程']")--点击元素失败
ERROR    cathy:base_page.py:150 Message: unknown error: Element <span>...</span> is not clickable at point (1384, 123). Other element would receive the click: <div class="bg" style="display: block;"></div>
  (Session info: chrome=86.0.4240.183)
  (Driver info: chromedriver=71.0.3578.137 (86ee722808adfe9e3c92e6e8ea746ade08423c7e),platform=Mac OS X 10.14.6 x86_64)
Traceback (most recent call last):
  File "/Users/zhangcaiyan/Desktop/ketangpai/common/base_page.py", line 146, in click_element
    self.driver.find_element(*locator).click()
  File "/Library/Frameworks/Python.framework/Versions/3.7/lib/python3.7/site-packages/selenium/webdriver/remote/webelement.py", line 80, in click
    self._execute(Command.CLICK_ELEMENT)
  File "/Library/Frameworks/Python.framework/Versions/3.7/lib/python3.7/site-packages/selenium/webdriver/remote/webelement.py", line 633, in _execute
    return self._parent.execute(command, params)
  File "/Library/Frameworks/Python.framework/Versions/3.7/lib/python3.7/site-packages/selenium/webdriver/remote/webdriver.py", line 321, in execute
    self.error_handler.check_response(response)
  File "/Library/Frameworks/Python.framework/Versions/3.7/lib/python3.7/site-packages/selenium/webdriver/remote/errorhandler.py", line 242, in check_response
    raise exception_class(message, screen, stacktrace)
selenium.common.exceptions.WebDriverException: Message: unknown error: Element <span>...</span> is not clickable at point (1384, 123). Other element would receive the click: <div class="bg" style="display: block;"></div>
  (Session info: chrome=86.0.4240.183)
  (Driver info: chromedriver=71.0.3578.137 (86ee722808adfe9e3c92e6e8ea746ade08423c7e),platform=Mac OS X 10.14.6 x86_64)
ERROR    cathy:base_page.py:149 元素--('xpath', "//span[text()='+ 创建/加入课程']")--点击元素失败
ERROR    cathy:base_page.py:150 Message: unknown error: Element <span>...</span> is not clickable at point (1384, 123). Other element would receive the click: <div class="bg" style="display: block;"></div>
  (Session info: chrome=86.0.4240.183)
  (Driver info: chromedriver=71.0.3578.137 (86ee722808adfe9e3c92e6e8ea746ade08423c7e),platform=Mac OS X 10.14.6 x86_64)
Traceback (most recent call last):
  File "/Users/zhangcaiyan/Desktop/ketangpai/common/base_page.py", line 146, in click_element
    self.driver.find_element(*locator).click()
  File "/Library/Frameworks/Python.framework/Versions/3.7/lib/python3.7/site-packages/selenium/webdriver/remote/webelement.py", line 80, in click
    self._execute(Command.CLICK_ELEMENT)
  File "/Library/Frameworks/Python.framework/Versions/3.7/lib/python3.7/site-packages/selenium/webdriver/remote/webelement.py", line 633, in _execute
    return self._parent.execute(command, params)
  File "/Library/Frameworks/Python.framework/Versions/3.7/lib/python3.7/site-packages/selenium/webdriver/remote/webdriver.py", line 321, in execute
    self.error_handler.check_response(response)
  File "/Library/Frameworks/Python.framework/Versions/3.7/lib/python3.7/site-packages/selenium/webdriver/remote/errorhandler.py", line 242, in check_response
    raise exception_class(message, screen, stacktrace)
selenium.common.exceptions.WebDriverException: Message: unknown error: Element <span>...</span> is not clickable at point (1384, 123). Other element would receive the click: <div class="bg" style="display: block;"></div>
  (Session info: chrome=86.0.4240.183)
  (Driver info: chromedriver=71.0.3578.137 (86ee722808adfe9e3c92e6e8ea746ade08423c7e),platform=Mac OS X 10.14.6 x86_64)