{"name": "test_add_course_fail[case0]", "status": "broken", "statusDetails": {"message": "IndexError: tuple index out of range", "trace": "self = <page.Index_page.IndexPage object at 0x11badcfd0>\nlocator = ('xpath', \"//span[text()='+ 创建/加入课程']\"), img_info = '首页_点击/创建课程'\n\n    def click_element(self,locator,img_info):\n        try:\n>           self.driver.find_element(*locator).click()\n\ncommon/base_page.py:146: \n_ _ _ _ _ _ _ _ _ _ _ _ _ _ _ _ _ _ _ _ _ _ _ _ _ _ _ _ _ _ _ _ _ _ _ _ _ _ _ _ \n\nself = <selenium.webdriver.remote.webelement.WebElement (session=\"63f00e7b0d87dac35df61430068617e3\", element=\"0.4095155747646879-1\")>\n\n    def click(self):\n        \"\"\"Clicks the element.\"\"\"\n>       self._execute(Command.CLICK_ELEMENT)\n\n/Library/Frameworks/Python.framework/Versions/3.7/lib/python3.7/site-packages/selenium/webdriver/remote/webelement.py:80: \n_ _ _ _ _ _ _ _ _ _ _ _ _ _ _ _ _ _ _ _ _ _ _ _ _ _ _ _ _ _ _ _ _ _ _ _ _ _ _ _ \n\nself = <selenium.webdriver.remote.webelement.WebElement (session=\"63f00e7b0d87dac35df61430068617e3\", element=\"0.4095155747646879-1\")>\ncommand = 'clickElement'\nparams = {'id': '0.4095155747646879-1', 'sessionId': '63f00e7b0d87dac35df61430068617e3'}\n\n    def _execute(self, command, params=None):\n        \"\"\"Executes a command against the underlying HTML element.\n    \n        Args:\n          command: The name of the command to _execute as a string.\n          params: A dictionary of named parameters to send with the command.\n    \n        Returns:\n          The command's JSON response loaded into a dictionary object.\n        \"\"\"\n        if not params:\n            params = {}\n        params['id'] = self._id\n>       return self._parent.execute(command, params)\n\n/Library/Frameworks/Python.framework/Versions/3.7/lib/python3.7/site-packages/selenium/webdriver/remote/webelement.py:633: \n_ _ _ _ _ _ _ _ _ _ _ _ _ _ _ _ _ _ _ _ _ _ _ _ _ _ _ _ _ _ _ _ _ _ _ _ _ _ _ _ \n\nself = <selenium.webdriver.chrome.webdriver.WebDriver (session=\"63f00e7b0d87dac35df61430068617e3\")>\ndriver_command = 'clickElement'\nparams = {'id': '0.4095155747646879-1', 'sessionId': '63f00e7b0d87dac35df61430068617e3'}\n\n    def execute(self, driver_command, params=None):\n        \"\"\"\n        Sends a command to be executed by a command.CommandExecutor.\n    \n        :Args:\n         - driver_command: The name of the command to execute as a string.\n         - params: A dictionary of named parameters to send with the command.\n    \n        :Returns:\n          The command's JSON response loaded into a dictionary object.\n        \"\"\"\n        if self.session_id is not None:\n            if not params:\n                params = {'sessionId': self.session_id}\n            elif 'sessionId' not in params:\n                params['sessionId'] = self.session_id\n    \n        params = self._wrap_value(params)\n        response = self.command_executor.execute(driver_command, params)\n        if response:\n>           self.error_handler.check_response(response)\n\n/Library/Frameworks/Python.framework/Versions/3.7/lib/python3.7/site-packages/selenium/webdriver/remote/webdriver.py:321: \n_ _ _ _ _ _ _ _ _ _ _ _ _ _ _ _ _ _ _ _ _ _ _ _ _ _ _ _ _ _ _ _ _ _ _ _ _ _ _ _ \n\nself = <selenium.webdriver.remote.errorhandler.ErrorHandler object at 0x11bae2290>\nresponse = {'sessionId': '63f00e7b0d87dac35df61430068617e3', 'status': 13, 'value': {'message': 'unknown error: Element <span>......Driver info: chromedriver=71.0.3578.137 (86ee722808adfe9e3c92e6e8ea746ade08423c7e),platform=Mac OS X 10.14.6 x86_64)'}}\n\n    def check_response(self, response):\n        \"\"\"\n        Checks that a JSON response from the WebDriver does not have an error.\n    \n        :Args:\n         - response - The JSON response from the WebDriver server as a dictionary\n           object.\n    \n        :Raises: If the response contains an error message.\n        \"\"\"\n        status = response.get('status', None)\n        if status is None or status == ErrorCode.SUCCESS:\n            return\n        value = None\n        message = response.get(\"message\", \"\")\n        screen = response.get(\"screen\", \"\")\n        stacktrace = None\n        if isinstance(status, int):\n            value_json = response.get('value', None)\n            if value_json and isinstance(value_json, basestring):\n                import json\n                try:\n                    value = json.loads(value_json)\n                    if len(value.keys()) == 1:\n                        value = value['value']\n                    status = value.get('error', None)\n                    if status is None:\n                        status = value[\"status\"]\n                        message = value[\"value\"]\n                        if not isinstance(message, basestring):\n                            value = message\n                            message = message.get('message')\n                    else:\n                        message = value.get('message', None)\n                except ValueError:\n                    pass\n    \n        exception_class = ErrorInResponseException\n        if status in ErrorCode.NO_SUCH_ELEMENT:\n            exception_class = NoSuchElementException\n        elif status in ErrorCode.NO_SUCH_FRAME:\n            exception_class = NoSuchFrameException\n        elif status in ErrorCode.NO_SUCH_WINDOW:\n            exception_class = NoSuchWindowException\n        elif status in ErrorCode.STALE_ELEMENT_REFERENCE:\n            exception_class = StaleElementReferenceException\n        elif status in ErrorCode.ELEMENT_NOT_VISIBLE:\n            exception_class = ElementNotVisibleException\n        elif status in ErrorCode.INVALID_ELEMENT_STATE:\n            exception_class = InvalidElementStateException\n        elif status in ErrorCode.INVALID_SELECTOR \\\n                or status in ErrorCode.INVALID_XPATH_SELECTOR \\\n                or status in ErrorCode.INVALID_XPATH_SELECTOR_RETURN_TYPER:\n            exception_class = InvalidSelectorException\n        elif status in ErrorCode.ELEMENT_IS_NOT_SELECTABLE:\n            exception_class = ElementNotSelectableException\n        elif status in ErrorCode.ELEMENT_NOT_INTERACTABLE:\n            exception_class = ElementNotInteractableException\n        elif status in ErrorCode.INVALID_COOKIE_DOMAIN:\n            exception_class = InvalidCookieDomainException\n        elif status in ErrorCode.UNABLE_TO_SET_COOKIE:\n            exception_class = UnableToSetCookieException\n        elif status in ErrorCode.TIMEOUT:\n            exception_class = TimeoutException\n        elif status in ErrorCode.SCRIPT_TIMEOUT:\n            exception_class = TimeoutException\n        elif status in ErrorCode.UNKNOWN_ERROR:\n            exception_class = WebDriverException\n        elif status in ErrorCode.UNEXPECTED_ALERT_OPEN:\n            exception_class = UnexpectedAlertPresentException\n        elif status in ErrorCode.NO_ALERT_OPEN:\n            exception_class = NoAlertPresentException\n        elif status in ErrorCode.IME_NOT_AVAILABLE:\n            exception_class = ImeNotAvailableException\n        elif status in ErrorCode.IME_ENGINE_ACTIVATION_FAILED:\n            exception_class = ImeActivationFailedException\n        elif status in ErrorCode.MOVE_TARGET_OUT_OF_BOUNDS:\n            exception_class = MoveTargetOutOfBoundsException\n        elif status in ErrorCode.JAVASCRIPT_ERROR:\n            exception_class = JavascriptException\n        elif status in ErrorCode.SESSION_NOT_CREATED:\n            exception_class = SessionNotCreatedException\n        elif status in ErrorCode.INVALID_ARGUMENT:\n            exception_class = InvalidArgumentException\n        elif status in ErrorCode.NO_SUCH_COOKIE:\n            exception_class = NoSuchCookieException\n        elif status in ErrorCode.UNABLE_TO_CAPTURE_SCREEN:\n            exception_class = ScreenshotException\n        elif status in ErrorCode.ELEMENT_CLICK_INTERCEPTED:\n            exception_class = ElementClickInterceptedException\n        elif status in ErrorCode.INSECURE_CERTIFICATE:\n            exception_class = InsecureCertificateException\n        elif status in ErrorCode.INVALID_COORDINATES:\n            exception_class = InvalidCoordinatesException\n        elif status in ErrorCode.INVALID_SESSION_ID:\n            exception_class = InvalidSessionIdException\n        elif status in ErrorCode.UNKNOWN_METHOD:\n            exception_class = UnknownMethodException\n        else:\n            exception_class = WebDriverException\n        if value == '' or value is None:\n            value = response['value']\n        if isinstance(value, basestring):\n            if exception_class == ErrorInResponseException:\n                raise exception_class(response, value)\n            raise exception_class(value)\n        if message == \"\" and 'message' in value:\n            message = value['message']\n    \n        screen = None\n        if 'screen' in value:\n            screen = value['screen']\n    \n        stacktrace = None\n        if 'stackTrace' in value and value['stackTrace']:\n            stacktrace = []\n            try:\n                for frame in value['stackTrace']:\n                    line = self._value_or_default(frame, 'lineNumber', '')\n                    file = self._value_or_default(frame, 'fileName', '<anonymous>')\n                    if line:\n                        file = \"%s:%s\" % (file, line)\n                    meth = self._value_or_default(frame, 'methodName', '<anonymous>')\n                    if 'className' in frame:\n                        meth = \"%s.%s\" % (frame['className'], meth)\n                    msg = \"    at %s (%s)\"\n                    msg = msg % (meth, file)\n                    stacktrace.append(msg)\n            except TypeError:\n                pass\n        if exception_class == ErrorInResponseException:\n            raise exception_class(response, message)\n        elif exception_class == UnexpectedAlertPresentException:\n            alert_text = None\n            if 'data' in value:\n                alert_text = value['data'].get('text')\n            elif 'alert' in value:\n                alert_text = value['alert'].get('text')\n            raise exception_class(message, screen, stacktrace, alert_text)\n>       raise exception_class(message, screen, stacktrace)\nE       selenium.common.exceptions.WebDriverException: Message: unknown error: Element <span>...</span> is not clickable at point (539, 123). Other element would receive the click: <ul class=\"nav-menu-right\">...</ul>\nE         (Session info: headless chrome=86.0.4240.183)\nE         (Driver info: chromedriver=71.0.3578.137 (86ee722808adfe9e3c92e6e8ea746ade08423c7e),platform=Mac OS X 10.14.6 x86_64)\n\n/Library/Frameworks/Python.framework/Versions/3.7/lib/python3.7/site-packages/selenium/webdriver/remote/errorhandler.py:242: WebDriverException\n\nDuring handling of the above exception, another exception occurred:\n\nself = <testcase.test_02add_course.TestAddCourse object at 0x11bb923d0>\ncourse_setup = (<page.login_page.LoginPage object at 0x11bae10d0>, <page.Index_page.IndexPage object at 0x11badcfd0>)\ncase = {'expected': '该加课码不存在或者已经失效', 'title': '验证码错误', 'verificate_code': 'P69YYY'}\n\n    @pytest.mark.parametrize('case',course_data.add_course_data_fail)\n    def test_add_course_fail(self,course_setup,case):\n        index_page = course_setup[1]\n        # 1.加入课程--输入验证码--点击确认\n>       index_page.add_course(case['verificate_code'])\n\ntestcase/test_02add_course.py:38: \n_ _ _ _ _ _ _ _ _ _ _ _ _ _ _ _ _ _ _ _ _ _ _ _ _ _ _ _ _ _ _ _ _ _ _ _ _ _ _ _ \npage/Index_page.py:42: in add_course\n    self.click_element(self.course_locator,\"首页_点击/创建课程\")\n_ _ _ _ _ _ _ _ _ _ _ _ _ _ _ _ _ _ _ _ _ _ _ _ _ _ _ _ _ _ _ _ _ _ _ _ _ _ _ _ \n\nself = <page.Index_page.IndexPage object at 0x11badcfd0>\nlocator = ('xpath', \"//span[text()='+ 创建/加入课程']\"), img_info = '首页_点击/创建课程'\n\n    def click_element(self,locator,img_info):\n        try:\n            self.driver.find_element(*locator).click()\n        except Exception as e:\n            # 输出日志\n            log.error(\"元素--{}--点击元素失败\".format(locator))\n            log.exception(e)\n            # 对当前页面进行截图,格式：时间_页面_操作.png\n>           file_name = \"{}_{}.png\".format(img_info)\nE           IndexError: tuple index out of range\n\ncommon/base_page.py:152: IndexError"}, "attachments": [{"name": "log", "source": "463ba246-0923-4129-b6f3-21a82abfc74e-attachment.txt", "type": "text/plain"}, {"name": "stderr", "source": "c78611d7-5688-4d4f-bf48-fee2d31bfb1c-attachment.txt", "type": "text/plain"}], "parameters": [{"name": "case", "value": "{'title': '验证码错误', 'verificate_code': 'P69YYY', 'expected': '该加课码不存在或者已经失效'}"}], "start": 1604473504424, "stop": 1604473504452, "uuid": "10982fd4-80bb-4fb6-a945-5731066e2c9b", "historyId": "08f41c2e50fa3306047a98754e972cd3", "testCaseId": "160dedc24855c98b250adf59f7822f75", "fullName": "testcase.test_02add_course.TestAddCourse#test_add_course_fail", "labels": [{"name": "parentSuite", "value": "testcase"}, {"name": "suite", "value": "test_02add_course"}, {"name": "subSuite", "value": "TestAddCourse"}, {"name": "host", "value": "ZBMAC-C02WD0XQH.local"}, {"name": "thread", "value": "14501-MainThread"}, {"name": "framework", "value": "pytest"}, {"name": "language", "value": "cpython3"}, {"name": "package", "value": "testcase.test_02add_course"}]}